
=== Thu Feb  6 10:56:10 2020

Packages were changed.
Update Mode: updateDependencies

The following packages were updated:
  com.unity.analytics from version 3.3.2 to 3.3.5
  com.unity.ide.rider from version 1.0.8 to 1.1.4
  com.unity.ide.vscode from version 1.0.7 to 1.1.4
  com.unity.timeline from version 1.1.0 to 1.2.10

=== Tue Feb 11 15:59:55 2020

Packages were changed.
Update Mode: updateDependencies

The following packages were updated:
  com.unity.ads from version 2.0.8 to 3.3.1
  com.unity.collab-proxy from version 1.2.16 to 1.3.7
  com.unity.ide.rider from version 1.1.4 to 1.2.1
  com.unity.ide.visualstudio from version 1.0.11 to 2.0.0
  com.unity.textmeshpro from version 2.0.1 to 3.0.0-preview.1

=== Thu Jun 25 04:34:28 2020

Packages were changed.
Update Mode: updateDependencies

The following packages were updated:
  com.unity.ide.vscode from version 1.1.4 to 1.2.1
  com.unity.xr.legacyinputhelpers from version 2.0.4 to 2.1.4
  com.unity.xr.management from version 3.0.5 to 3.2.10
  com.unity.xr.oculus from version 1.1.5 to 1.3.4
